2024-04-27 22:18:23,339 [Worker-1: Loading available Gradle versions] INFO  o.e.b.c.i.u.g.PublishedGradleVersions - Gradle version information cache is up-to-date. Trying to read.
2024-04-27 22:19:10,335 [Worker-8: Importing Maven projects] INFO  o.e.m.c.i.l.LifecycleMappingFactory - Using NULL lifecycle mapping for MavenProject: com.shopme:ShopmeProject:0.0.1-SNAPSHOT @ D:\workshopme1\ShopmeProject\pom.xml.
2024-04-27 22:19:11,276 [Worker-8: Importing Maven projects] INFO  o.e.m.c.i.l.LifecycleMappingFactory - Using org.eclipse.m2e.jdt.JarLifecycleMapping lifecycle mapping for MavenProject: com.shopme:ShopmeCommon:0.0.1-SNAPSHOT @ D:\workshopme1\ShopmeProject\ShopmeCommon\pom.xml.
2024-04-27 22:19:11,697 [Worker-8: Importing Maven projects] INFO  o.e.m.c.i.l.LifecycleMappingFactory - Using NULL lifecycle mapping for MavenProject: com.shopme:ShopmeWebParent:0.0.1-SNAPSHOT @ D:\workshopme1\ShopmeProject\ShopmeWebParent\pom.xml.
2024-04-27 22:19:12,315 [Worker-8: Importing Maven projects] INFO  o.e.m.c.i.p.WorkspaceClassifierResolverManager - Resolving P/ShopmeCommon: com.shopme:ShopmeCommon:0.0.1-SNAPSHOT with classifier  to /ShopmeCommon/target/classes
2024-04-27 22:19:12,393 [Worker-8: Importing Maven projects] INFO  o.e.m.c.i.l.LifecycleMappingFactory - Using org.eclipse.m2e.jdt.JarLifecycleMapping lifecycle mapping for MavenProject: com.shopme:ShopmeBackEnd:0.0.1-SNAPSHOT @ D:\workshopme1\ShopmeProject\ShopmeWebParent\ShopmeBackEnd\pom.xml.
2024-04-27 22:19:12,836 [Worker-8: Importing Maven projects] INFO  o.e.m.c.i.p.WorkspaceClassifierResolverManager - Resolving P/ShopmeCommon: com.shopme:ShopmeCommon:0.0.1-SNAPSHOT with classifier  to /ShopmeCommon/target/classes
2024-04-27 22:19:12,913 [Worker-8: Importing Maven projects] INFO  o.e.m.c.i.l.LifecycleMappingFactory - Using org.eclipse.m2e.jdt.JarLifecycleMapping lifecycle mapping for MavenProject: com.shopme:ShopmeFrontEnd:0.0.1-SNAPSHOT @ D:\workshopme1\ShopmeProject\ShopmeWebParent\ShopmeFrontEnd\pom.xml.
2024-04-27 22:19:13,172 [Worker-8: Importing Maven projects] INFO  o.e.m.c.i.p.WorkspaceClassifierResolverManager - Resolving P/ShopmeCommon: com.shopme:ShopmeCommon:0.0.1-SNAPSHOT with classifier  to /ShopmeCommon/target/classes
2024-04-27 22:19:16,082 [Worker-8: Importing Maven projects] INFO  o.e.m.j.i.AbstractJavaProjectConfigurator - Adding source folder /ShopmeCommon/src/main/java
2024-04-27 22:19:16,086 [Worker-8: Importing Maven projects] INFO  o.e.m.j.i.AbstractJavaProjectConfigurator - Adding resource folder /ShopmeCommon/src/main/resources
2024-04-27 22:19:16,090 [Worker-8: Importing Maven projects] INFO  o.e.m.j.i.AbstractJavaProjectConfigurator - Adding resource folder /ShopmeCommon/src/main/resources
2024-04-27 22:19:16,095 [Worker-8: Importing Maven projects] INFO  o.e.m.j.i.AbstractJavaProjectConfigurator - Adding source folder /ShopmeCommon/src/test/java
2024-04-27 22:19:16,096 [Worker-8: Importing Maven projects] INFO  o.e.m.j.i.AbstractJavaProjectConfigurator - Adding resource folder /ShopmeCommon/src/test/resources
2024-04-27 22:19:16,566 [Worker-8: Importing Maven projects] INFO  o.e.m.j.i.AbstractJavaProjectConfigurator - Adding source folder /ShopmeFrontEnd/src/main/java
2024-04-27 22:19:16,567 [Worker-8: Importing Maven projects] INFO  o.e.m.j.i.AbstractJavaProjectConfigurator - Adding resource folder /ShopmeFrontEnd/src/main/resources
2024-04-27 22:19:16,574 [Worker-8: Importing Maven projects] INFO  o.e.m.j.i.AbstractJavaProjectConfigurator - Adding resource folder /ShopmeFrontEnd/src/main/resources
2024-04-27 22:19:16,579 [Worker-8: Importing Maven projects] INFO  o.e.m.j.i.AbstractJavaProjectConfigurator - Adding source folder /ShopmeFrontEnd/src/test/java
2024-04-27 22:19:16,580 [Worker-8: Importing Maven projects] INFO  o.e.m.j.i.AbstractJavaProjectConfigurator - Adding resource folder /ShopmeFrontEnd/src/test/resources
2024-04-27 22:19:17,284 [Worker-8: Importing Maven projects] INFO  o.e.m.j.i.AbstractJavaProjectConfigurator - Adding source folder /ShopmeBackEnd/src/main/java
2024-04-27 22:19:17,285 [Worker-8: Importing Maven projects] INFO  o.e.m.j.i.AbstractJavaProjectConfigurator - Adding resource folder /ShopmeBackEnd/src/main/resources
2024-04-27 22:19:17,289 [Worker-8: Importing Maven projects] INFO  o.e.m.j.i.AbstractJavaProjectConfigurator - Adding resource folder /ShopmeBackEnd/src/main/resources
2024-04-27 22:19:17,294 [Worker-8: Importing Maven projects] INFO  o.e.m.j.i.AbstractJavaProjectConfigurator - Adding source folder /ShopmeBackEnd/src/test/java
2024-04-27 22:19:17,295 [Worker-8: Importing Maven projects] INFO  o.e.m.j.i.AbstractJavaProjectConfigurator - Adding resource folder /ShopmeBackEnd/src/test/resources
2024-04-27 22:19:17,695 [Worker-8: Importing Maven projects] INFO  o.e.m.c.i.p.ProjectConfigurationManager - Imported and configured 5 project(s) in 13 sec
2024-04-27 22:19:17,913 [Worker-2: Updating Maven Project] INFO  o.e.m.c.i.p.ProjectConfigurationManager - Update started
2024-04-27 22:19:19,623 [Worker-2: Updating Maven Project] INFO  o.e.m.c.i.l.LifecycleMappingFactory - Using org.eclipse.m2e.jdt.JarLifecycleMapping lifecycle mapping for MavenProject: com.shopme:ShopmeBackEnd:0.0.1-SNAPSHOT @ D:\workshopme1\ShopmeProject\ShopmeWebParent\ShopmeBackEnd\pom.xml.
2024-04-27 22:19:20,423 [Worker-2: Updating Maven Project] INFO  o.e.m.c.i.p.WorkspaceClassifierResolverManager - Resolving P/ShopmeCommon: com.shopme:ShopmeCommon:0.0.1-SNAPSHOT with classifier  to /ShopmeCommon/target/classes
2024-04-27 22:19:20,486 [Worker-2: Updating Maven Project] INFO  o.e.m.c.i.l.LifecycleMappingFactory - Using org.eclipse.m2e.jdt.JarLifecycleMapping lifecycle mapping for MavenProject: com.shopme:ShopmeCommon:0.0.1-SNAPSHOT @ D:\workshopme1\ShopmeProject\ShopmeCommon\pom.xml.
2024-04-27 22:19:20,614 [Worker-2: Updating Maven Project] INFO  o.e.m.c.i.l.LifecycleMappingFactory - Using org.eclipse.m2e.jdt.JarLifecycleMapping lifecycle mapping for MavenProject: com.shopme:ShopmeFrontEnd:0.0.1-SNAPSHOT @ D:\workshopme1\ShopmeProject\ShopmeWebParent\ShopmeFrontEnd\pom.xml.
2024-04-27 22:19:20,781 [Worker-2: Updating Maven Project] INFO  o.e.m.c.i.p.WorkspaceClassifierResolverManager - Resolving P/ShopmeCommon: com.shopme:ShopmeCommon:0.0.1-SNAPSHOT with classifier  to /ShopmeCommon/target/classes
2024-04-27 22:19:20,787 [Worker-2: Updating Maven Project] INFO  o.e.m.c.i.l.LifecycleMappingFactory - Using NULL lifecycle mapping for MavenProject: com.shopme:ShopmeProject:0.0.1-SNAPSHOT @ D:\workshopme1\ShopmeProject\pom.xml.
2024-04-27 22:19:20,792 [Worker-2: Updating Maven Project] INFO  o.e.m.c.i.l.LifecycleMappingFactory - Using NULL lifecycle mapping for MavenProject: com.shopme:ShopmeWebParent:0.0.1-SNAPSHOT @ D:\workshopme1\ShopmeProject\ShopmeWebParent\pom.xml.
2024-04-27 22:19:20,889 [Worker-2: Updating Maven Project] INFO  o.e.m.c.i.p.WorkspaceClassifierResolverManager - Resolving P/ShopmeCommon: com.shopme:ShopmeCommon:0.0.1-SNAPSHOT with classifier  to /ShopmeCommon/target/classes
2024-04-27 22:19:22,295 [Worker-2: Updating Maven Project] INFO  o.e.m.j.i.AbstractJavaProjectConfigurator - Adding source folder /ShopmeBackEnd/src/main/java
2024-04-27 22:19:22,296 [Worker-2: Updating Maven Project] INFO  o.e.m.j.i.AbstractJavaProjectConfigurator - Adding resource folder /ShopmeBackEnd/src/main/resources
2024-04-27 22:19:22,299 [Worker-2: Updating Maven Project] INFO  o.e.m.j.i.AbstractJavaProjectConfigurator - Adding resource folder /ShopmeBackEnd/src/main/resources
2024-04-27 22:19:22,302 [Worker-2: Updating Maven Project] INFO  o.e.m.j.i.AbstractJavaProjectConfigurator - Adding source folder /ShopmeBackEnd/src/test/java
2024-04-27 22:19:22,304 [Worker-2: Updating Maven Project] INFO  o.e.m.j.i.AbstractJavaProjectConfigurator - Adding resource folder /ShopmeBackEnd/src/test/resources
2024-04-27 22:19:23,060 [Worker-2: Updating Maven Project] INFO  o.e.m.j.i.AbstractJavaProjectConfigurator - Adding source folder /ShopmeCommon/src/main/java
2024-04-27 22:19:23,062 [Worker-2: Updating Maven Project] INFO  o.e.m.j.i.AbstractJavaProjectConfigurator - Adding resource folder /ShopmeCommon/src/main/resources
2024-04-27 22:19:23,065 [Worker-2: Updating Maven Project] INFO  o.e.m.j.i.AbstractJavaProjectConfigurator - Adding resource folder /ShopmeCommon/src/main/resources
2024-04-27 22:19:23,066 [Worker-2: Updating Maven Project] INFO  o.e.m.j.i.AbstractJavaProjectConfigurator - Adding source folder /ShopmeCommon/src/test/java
2024-04-27 22:19:23,069 [Worker-2: Updating Maven Project] INFO  o.e.m.j.i.AbstractJavaProjectConfigurator - Adding resource folder /ShopmeCommon/src/test/resources
2024-04-27 22:19:23,435 [Worker-2: Updating Maven Project] INFO  o.e.m.j.i.AbstractJavaProjectConfigurator - Adding source folder /ShopmeFrontEnd/src/main/java
2024-04-27 22:19:23,436 [Worker-2: Updating Maven Project] INFO  o.e.m.j.i.AbstractJavaProjectConfigurator - Adding resource folder /ShopmeFrontEnd/src/main/resources
2024-04-27 22:19:23,438 [Worker-2: Updating Maven Project] INFO  o.e.m.j.i.AbstractJavaProjectConfigurator - Adding resource folder /ShopmeFrontEnd/src/main/resources
2024-04-27 22:19:23,441 [Worker-2: Updating Maven Project] INFO  o.e.m.j.i.AbstractJavaProjectConfigurator - Adding source folder /ShopmeFrontEnd/src/test/java
2024-04-27 22:19:23,442 [Worker-2: Updating Maven Project] INFO  o.e.m.j.i.AbstractJavaProjectConfigurator - Adding resource folder /ShopmeFrontEnd/src/test/resources
2024-04-27 22:19:26,123 [Worker-2: Updating Maven Project] INFO  o.e.m.c.i.p.ProjectConfigurationManager - Update completed for 5 poms: local refresh takes 0.00 sec, refresh facades takes 3.00 sec, update config takes 1.00 sec 
2024-04-27 22:19:28,153 [Worker-7: Building] INFO  o.e.m.c.i.embedder.EclipseLogger - Using 'UTF-8' encoding to copy filtered resources.
2024-04-27 22:19:28,153 [Worker-7: Building] INFO  o.e.m.c.i.embedder.EclipseLogger - Using 'UTF-8' encoding to copy filtered properties files.
2024-04-27 22:19:28,204 [Worker-7: Building] INFO  o.e.m.c.i.embedder.EclipseLogger - Copying 1 resource
2024-04-27 22:19:28,221 [Worker-7: Building] INFO  o.e.m.c.i.embedder.EclipseLogger - Copying 0 resource
2024-04-27 22:19:28,221 [Worker-7: Building] INFO  o.e.m.c.i.embedder.EclipseLogger - The encoding used to copy filtered properties files have not been set. This means that the same encoding will be used to copy filtered properties files as when copying other filtered resources. This might not be what you want! Run your build with --debug to see which files might be affected. Read more at https://maven.apache.org/plugins/maven-resources-plugin/examples/filtering-properties-files.html
2024-04-27 22:19:28,227 [Worker-7: Building] INFO  o.e.m.c.i.embedder.EclipseLogger - Using 'UTF-8' encoding to copy filtered resources.
2024-04-27 22:19:28,227 [Worker-7: Building] INFO  o.e.m.c.i.embedder.EclipseLogger - Using 'UTF-8' encoding to copy filtered properties files.
2024-04-27 22:19:28,227 [Worker-7: Building] INFO  o.e.m.c.i.embedder.EclipseLogger - Copying 0 resource
2024-04-27 22:19:30,522 [Worker-7: Building] INFO  o.e.m.c.i.embedder.EclipseLogger - Using 'UTF-8' encoding to copy filtered resources.
2024-04-27 22:19:30,522 [Worker-7: Building] INFO  o.e.m.c.i.embedder.EclipseLogger - Using 'UTF-8' encoding to copy filtered properties files.
2024-04-27 22:19:30,524 [Worker-7: Building] INFO  o.e.m.c.i.embedder.EclipseLogger - Copying 1 resource
2024-04-27 22:19:30,552 [Worker-7: Building] INFO  o.e.m.c.i.embedder.EclipseLogger - Copying 126 resources
2024-04-27 22:19:32,638 [Worker-7: Building] INFO  o.e.m.c.i.embedder.EclipseLogger - The encoding used to copy filtered properties files have not been set. This means that the same encoding will be used to copy filtered properties files as when copying other filtered resources. This might not be what you want! Run your build with --debug to see which files might be affected. Read more at https://maven.apache.org/plugins/maven-resources-plugin/examples/filtering-properties-files.html
2024-04-27 22:19:32,645 [Worker-7: Building] INFO  o.e.m.c.i.embedder.EclipseLogger - Using 'UTF-8' encoding to copy filtered resources.
2024-04-27 22:19:32,645 [Worker-7: Building] INFO  o.e.m.c.i.embedder.EclipseLogger - Using 'UTF-8' encoding to copy filtered properties files.
2024-04-27 22:19:32,646 [Worker-7: Building] INFO  o.e.m.c.i.embedder.EclipseLogger - Copying 0 resource
2024-04-27 22:19:33,704 [Worker-7: Building] INFO  o.e.m.c.i.embedder.EclipseLogger - Using 'UTF-8' encoding to copy filtered resources.
2024-04-27 22:19:33,705 [Worker-7: Building] INFO  o.e.m.c.i.embedder.EclipseLogger - Using 'UTF-8' encoding to copy filtered properties files.
2024-04-27 22:19:33,705 [Worker-7: Building] INFO  o.e.m.c.i.embedder.EclipseLogger - Copying 1 resource
2024-04-27 22:19:33,749 [Worker-7: Building] INFO  o.e.m.c.i.embedder.EclipseLogger - Copying 76 resources
2024-04-27 22:19:34,402 [Worker-7: Building] INFO  o.e.m.c.i.embedder.EclipseLogger - Using 'UTF-8' encoding to copy filtered resources.
2024-04-27 22:19:34,402 [Worker-7: Building] INFO  o.e.m.c.i.embedder.EclipseLogger - Using 'UTF-8' encoding to copy filtered properties files.
2024-04-27 22:19:34,402 [Worker-7: Building] INFO  o.e.m.c.i.embedder.EclipseLogger - Copying 0 resource
2024-04-27 22:22:06,927 [Worker-2: Building] INFO  o.e.m.c.i.embedder.EclipseLogger - Using 'UTF-8' encoding to copy filtered resources.
2024-04-27 22:22:06,928 [Worker-2: Building] INFO  o.e.m.c.i.embedder.EclipseLogger - Using 'UTF-8' encoding to copy filtered properties files.
2024-04-27 22:22:07,016 [Worker-2: Building] INFO  o.e.m.c.i.embedder.EclipseLogger - Copying 1 resource
2024-04-27 22:22:07,094 [Worker-2: Building] INFO  o.e.m.c.i.embedder.EclipseLogger - Copying 0 resource
2024-04-27 22:22:07,094 [Worker-2: Building] INFO  o.e.m.c.i.embedder.EclipseLogger - The encoding used to copy filtered properties files have not been set. This means that the same encoding will be used to copy filtered properties files as when copying other filtered resources. This might not be what you want! Run your build with --debug to see which files might be affected. Read more at https://maven.apache.org/plugins/maven-resources-plugin/examples/filtering-properties-files.html
2024-04-27 22:22:07,100 [Worker-2: Building] INFO  o.e.m.c.i.embedder.EclipseLogger - Using 'UTF-8' encoding to copy filtered resources.
2024-04-27 22:22:07,100 [Worker-2: Building] INFO  o.e.m.c.i.embedder.EclipseLogger - Using 'UTF-8' encoding to copy filtered properties files.
2024-04-27 22:22:07,101 [Worker-2: Building] INFO  o.e.m.c.i.embedder.EclipseLogger - Copying 0 resource
2024-04-27 22:22:07,512 [Worker-12: Building] INFO  o.e.m.c.i.embedder.EclipseLogger - Using 'UTF-8' encoding to copy filtered resources.
2024-04-27 22:22:07,512 [Worker-12: Building] INFO  o.e.m.c.i.embedder.EclipseLogger - Using 'UTF-8' encoding to copy filtered properties files.
2024-04-27 22:22:07,606 [Worker-12: Building] INFO  o.e.m.c.i.embedder.EclipseLogger - Copying 1 resource
2024-04-27 22:22:07,647 [Worker-12: Building] INFO  o.e.m.c.i.embedder.EclipseLogger - Copying 0 resource
2024-04-27 22:22:07,652 [Worker-12: Building] INFO  o.e.m.c.i.embedder.EclipseLogger - Using 'UTF-8' encoding to copy filtered resources.
2024-04-27 22:22:07,652 [Worker-12: Building] INFO  o.e.m.c.i.embedder.EclipseLogger - Using 'UTF-8' encoding to copy filtered properties files.
2024-04-27 22:22:07,652 [Worker-12: Building] INFO  o.e.m.c.i.embedder.EclipseLogger - Copying 0 resource
2024-04-27 22:22:33,840 [Worker-11: Building] INFO  o.e.m.c.i.embedder.EclipseLogger - Using 'UTF-8' encoding to copy filtered resources.
2024-04-27 22:22:33,840 [Worker-11: Building] INFO  o.e.m.c.i.embedder.EclipseLogger - Using 'UTF-8' encoding to copy filtered properties files.
2024-04-27 22:22:33,846 [Worker-11: Building] INFO  o.e.m.c.i.embedder.EclipseLogger - Copying 1 resource
2024-04-27 22:22:33,870 [Worker-11: Building] INFO  o.e.m.c.i.embedder.EclipseLogger - Copying 0 resource
2024-04-27 22:22:33,870 [Worker-11: Building] INFO  o.e.m.c.i.embedder.EclipseLogger - The encoding used to copy filtered properties files have not been set. This means that the same encoding will be used to copy filtered properties files as when copying other filtered resources. This might not be what you want! Run your build with --debug to see which files might be affected. Read more at https://maven.apache.org/plugins/maven-resources-plugin/examples/filtering-properties-files.html
2024-04-27 22:22:34,167 [Worker-11: Building] INFO  o.e.m.c.i.embedder.EclipseLogger - Using 'UTF-8' encoding to copy filtered resources.
2024-04-27 22:22:34,168 [Worker-11: Building] INFO  o.e.m.c.i.embedder.EclipseLogger - Using 'UTF-8' encoding to copy filtered properties files.
2024-04-27 22:22:34,168 [Worker-11: Building] INFO  o.e.m.c.i.embedder.EclipseLogger - Copying 0 resource
2024-04-27 22:22:35,263 [Worker-10: Building] INFO  o.e.m.c.i.embedder.EclipseLogger - Using 'UTF-8' encoding to copy filtered resources.
2024-04-27 22:22:35,263 [Worker-10: Building] INFO  o.e.m.c.i.embedder.EclipseLogger - Using 'UTF-8' encoding to copy filtered properties files.
2024-04-27 22:22:35,267 [Worker-10: Building] INFO  o.e.m.c.i.embedder.EclipseLogger - Copying 1 resource
2024-04-27 22:22:35,281 [Worker-10: Building] INFO  o.e.m.c.i.embedder.EclipseLogger - Copying 0 resource
2024-04-27 22:22:35,284 [Worker-10: Building] INFO  o.e.m.c.i.embedder.EclipseLogger - Using 'UTF-8' encoding to copy filtered resources.
2024-04-27 22:22:35,284 [Worker-10: Building] INFO  o.e.m.c.i.embedder.EclipseLogger - Using 'UTF-8' encoding to copy filtered properties files.
2024-04-27 22:22:35,285 [Worker-10: Building] INFO  o.e.m.c.i.embedder.EclipseLogger - Copying 0 resource
2024-04-27 22:22:47,699 [Worker-9: Launching ShopmeBackEnd - ShopmeBackEndApplication] INFO  o.e.m.c.i.p.WorkspaceClassifierResolverManager - Resolving P/ShopmeCommon: com.shopme:ShopmeCommon:0.0.1-SNAPSHOT with classifier null to /ShopmeCommon/target/classes
2024-04-27 22:22:47,859 [Worker-9: Launching ShopmeBackEnd - ShopmeBackEndApplication] INFO  o.e.m.c.i.p.WorkspaceClassifierResolverManager - Resolving P/ShopmeCommon: com.shopme:ShopmeCommon:0.0.1-SNAPSHOT with classifier null to /ShopmeCommon/target/classes
2024-04-27 22:22:48,098 [Worker-9: Launching ShopmeBackEnd - ShopmeBackEndApplication] INFO  o.e.m.c.i.p.WorkspaceClassifierResolverManager - Resolving P/ShopmeCommon: com.shopme:ShopmeCommon:0.0.1-SNAPSHOT with classifier null to /ShopmeCommon/target/classes
2024-04-27 22:30:42,261 [Worker-13: Launching ShopmeFrontEnd - ShopmeFrontEndApplication] INFO  o.e.m.c.i.p.WorkspaceClassifierResolverManager - Resolving P/ShopmeCommon: com.shopme:ShopmeCommon:0.0.1-SNAPSHOT with classifier null to /ShopmeCommon/target/classes
2024-04-27 22:30:42,417 [Worker-13: Launching ShopmeFrontEnd - ShopmeFrontEndApplication] INFO  o.e.m.c.i.p.WorkspaceClassifierResolverManager - Resolving P/ShopmeCommon: com.shopme:ShopmeCommon:0.0.1-SNAPSHOT with classifier null to /ShopmeCommon/target/classes
2024-04-27 22:30:42,544 [Worker-13: Launching ShopmeFrontEnd - ShopmeFrontEndApplication] INFO  o.e.m.c.i.p.WorkspaceClassifierResolverManager - Resolving P/ShopmeCommon: com.shopme:ShopmeCommon:0.0.1-SNAPSHOT with classifier null to /ShopmeCommon/target/classes
2024-04-27 22:34:40,540 [Worker-13: Building] INFO  o.e.m.c.i.embedder.EclipseLogger - Using 'UTF-8' encoding to copy filtered resources.
2024-04-27 22:34:40,540 [Worker-13: Building] INFO  o.e.m.c.i.embedder.EclipseLogger - Using 'UTF-8' encoding to copy filtered properties files.
2024-04-27 22:34:40,605 [Worker-13: Building] INFO  o.e.m.c.i.embedder.EclipseLogger - Copying 0 resource
2024-04-27 22:34:40,617 [Worker-13: Building] INFO  o.e.m.c.i.embedder.EclipseLogger - Copying 1 resource
2024-04-27 22:34:40,630 [Worker-13: Building] INFO  o.e.m.c.i.embedder.EclipseLogger - Using 'UTF-8' encoding to copy filtered resources.
2024-04-27 22:34:40,630 [Worker-13: Building] INFO  o.e.m.c.i.embedder.EclipseLogger - Using 'UTF-8' encoding to copy filtered properties files.
2024-04-27 22:34:40,630 [Worker-13: Building] INFO  o.e.m.c.i.embedder.EclipseLogger - Copying 0 resource
2024-04-29 09:27:55,954 [Worker-4: Loading available Gradle versions] INFO  o.e.b.c.i.u.g.PublishedGradleVersions - Gradle version information cache is out-of-date. Trying to update.
2024-04-29 09:29:14,716 [Worker-104: Check for devtools] INFO  o.e.m.c.i.p.WorkspaceClassifierResolverManager - Resolving P/ShopmeCommon: com.shopme:ShopmeCommon:0.0.1-SNAPSHOT with classifier  to /ShopmeCommon/target/classes
2024-04-29 09:29:15,010 [Worker-104: Check for devtools] INFO  o.e.m.c.i.p.WorkspaceClassifierResolverManager - Resolving P/ShopmeCommon: com.shopme:ShopmeCommon:0.0.1-SNAPSHOT with classifier  to /ShopmeCommon/target/classes
2024-04-29 09:29:22,456 [Worker-73: Launching ShopmeBackEnd - ShopmeBackEndApplication] INFO  o.e.m.c.i.embedder.EclipseLogger - Using 'UTF-8' encoding to copy filtered resources.
2024-04-29 09:29:22,456 [Worker-73: Launching ShopmeBackEnd - ShopmeBackEndApplication] INFO  o.e.m.c.i.embedder.EclipseLogger - Using 'UTF-8' encoding to copy filtered properties files.
2024-04-29 09:29:22,475 [Worker-73: Launching ShopmeBackEnd - ShopmeBackEndApplication] INFO  o.e.m.c.i.embedder.EclipseLogger - Copying 1 resource
2024-04-29 09:29:22,499 [Worker-73: Launching ShopmeBackEnd - ShopmeBackEndApplication] INFO  o.e.m.c.i.embedder.EclipseLogger - Copying 127 resources
2024-04-29 09:29:23,954 [Worker-73: Launching ShopmeBackEnd - ShopmeBackEndApplication] INFO  o.e.m.c.i.embedder.EclipseLogger - The encoding used to copy filtered properties files have not been set. This means that the same encoding will be used to copy filtered properties files as when copying other filtered resources. This might not be what you want! Run your build with --debug to see which files might be affected. Read more at https://maven.apache.org/plugins/maven-resources-plugin/examples/filtering-properties-files.html
2024-04-29 09:29:23,958 [Worker-73: Launching ShopmeBackEnd - ShopmeBackEndApplication] INFO  o.e.m.c.i.embedder.EclipseLogger - Using 'UTF-8' encoding to copy filtered resources.
2024-04-29 09:29:23,959 [Worker-73: Launching ShopmeBackEnd - ShopmeBackEndApplication] INFO  o.e.m.c.i.embedder.EclipseLogger - Using 'UTF-8' encoding to copy filtered properties files.
2024-04-29 09:29:23,959 [Worker-73: Launching ShopmeBackEnd - ShopmeBackEndApplication] INFO  o.e.m.c.i.embedder.EclipseLogger - Copying 0 resource
2024-04-29 09:29:25,290 [Worker-73: Launching ShopmeBackEnd - ShopmeBackEndApplication] INFO  o.e.m.c.i.p.WorkspaceClassifierResolverManager - Resolving P/ShopmeCommon: com.shopme:ShopmeCommon:0.0.1-SNAPSHOT with classifier null to /ShopmeCommon/target/classes
2024-04-29 09:29:25,578 [Worker-73: Launching ShopmeBackEnd - ShopmeBackEndApplication] INFO  o.e.m.c.i.p.WorkspaceClassifierResolverManager - Resolving P/ShopmeCommon: com.shopme:ShopmeCommon:0.0.1-SNAPSHOT with classifier null to /ShopmeCommon/target/classes
2024-04-29 09:29:25,853 [Worker-73: Launching ShopmeBackEnd - ShopmeBackEndApplication] INFO  o.e.m.c.i.p.WorkspaceClassifierResolverManager - Resolving P/ShopmeCommon: com.shopme:ShopmeCommon:0.0.1-SNAPSHOT with classifier null to /ShopmeCommon/target/classes
2024-04-29 09:29:25,924 [Worker-139: Building] INFO  o.e.m.c.i.p.WorkspaceClassifierResolverManager - Resolving P/ShopmeCommon: com.shopme:ShopmeCommon:0.0.1-SNAPSHOT with classifier  to /ShopmeCommon/target/classes
2024-04-29 10:49:51,307 [Worker-158: Check for devtools] INFO  o.e.m.c.i.p.WorkspaceClassifierResolverManager - Resolving P/ShopmeCommon: com.shopme:ShopmeCommon:0.0.1-SNAPSHOT with classifier  to /ShopmeCommon/target/classes
2024-04-29 10:49:51,560 [Worker-158: Check for devtools] INFO  o.e.m.c.i.p.WorkspaceClassifierResolverManager - Resolving P/ShopmeCommon: com.shopme:ShopmeCommon:0.0.1-SNAPSHOT with classifier  to /ShopmeCommon/target/classes
2024-04-29 10:49:54,183 [Worker-155: Launching ShopmeFrontEnd - ShopmeFrontEndApplication] INFO  o.e.m.c.i.p.WorkspaceClassifierResolverManager - Resolving P/ShopmeCommon: com.shopme:ShopmeCommon:0.0.1-SNAPSHOT with classifier null to /ShopmeCommon/target/classes
2024-04-29 10:49:54,295 [Worker-155: Launching ShopmeFrontEnd - ShopmeFrontEndApplication] INFO  o.e.m.c.i.p.WorkspaceClassifierResolverManager - Resolving P/ShopmeCommon: com.shopme:ShopmeCommon:0.0.1-SNAPSHOT with classifier null to /ShopmeCommon/target/classes
2024-04-29 10:49:54,452 [Worker-155: Launching ShopmeFrontEnd - ShopmeFrontEndApplication] INFO  o.e.m.c.i.p.WorkspaceClassifierResolverManager - Resolving P/ShopmeCommon: com.shopme:ShopmeCommon:0.0.1-SNAPSHOT with classifier null to /ShopmeCommon/target/classes
2024-04-30 09:24:33,239 [Worker-5: Loading available Gradle versions] INFO  o.e.b.c.i.u.g.PublishedGradleVersions - Gradle version information cache is up-to-date. Trying to read.
2024-04-30 09:48:04,584 [Worker-6: Check for devtools] INFO  o.e.m.c.i.p.WorkspaceClassifierResolverManager - Resolving P/ShopmeCommon: com.shopme:ShopmeCommon:0.0.1-SNAPSHOT with classifier  to /ShopmeCommon/target/classes
2024-04-30 09:48:04,972 [Worker-6: Check for devtools] INFO  o.e.m.c.i.p.WorkspaceClassifierResolverManager - Resolving P/ShopmeCommon: com.shopme:ShopmeCommon:0.0.1-SNAPSHOT with classifier  to /ShopmeCommon/target/classes
2024-04-30 09:52:18,580 [Worker-6: Building] INFO  o.e.m.c.i.p.WorkspaceClassifierResolverManager - Resolving P/ShopmeCommon: com.shopme:ShopmeCommon:0.0.1-SNAPSHOT with classifier  to /ShopmeCommon/target/classes
2024-04-30 12:28:09,640 [Worker-0: Loading available Gradle versions] INFO  o.e.b.c.i.u.g.PublishedGradleVersions - Gradle version information cache is up-to-date. Trying to read.
2024-04-30 12:28:15,143 [Worker-4: Building] INFO  o.e.m.c.i.embedder.EclipseLogger - Using 'UTF-8' encoding to copy filtered resources.
2024-04-30 12:28:15,144 [Worker-4: Building] INFO  o.e.m.c.i.embedder.EclipseLogger - Using 'UTF-8' encoding to copy filtered properties files.
2024-04-30 12:28:15,162 [Worker-4: Building] INFO  o.e.m.c.i.embedder.EclipseLogger - Copying 1 resource
2024-04-30 12:28:15,187 [Worker-4: Building] INFO  o.e.m.c.i.embedder.EclipseLogger - Copying 0 resource
2024-04-30 12:28:15,187 [Worker-4: Building] INFO  o.e.m.c.i.embedder.EclipseLogger - The encoding used to copy filtered properties files have not been set. This means that the same encoding will be used to copy filtered properties files as when copying other filtered resources. This might not be what you want! Run your build with --debug to see which files might be affected. Read more at https://maven.apache.org/plugins/maven-resources-plugin/examples/filtering-properties-files.html
2024-04-30 12:28:15,193 [Worker-4: Building] INFO  o.e.m.c.i.embedder.EclipseLogger - Using 'UTF-8' encoding to copy filtered resources.
2024-04-30 12:28:15,194 [Worker-4: Building] INFO  o.e.m.c.i.embedder.EclipseLogger - Using 'UTF-8' encoding to copy filtered properties files.
2024-04-30 12:28:15,194 [Worker-4: Building] INFO  o.e.m.c.i.embedder.EclipseLogger - Copying 0 resource
2024-04-30 12:28:17,806 [Worker-4: Building] INFO  o.e.m.c.i.p.WorkspaceClassifierResolverManager - Resolving P/ShopmeCommon: com.shopme:ShopmeCommon:0.0.1-SNAPSHOT with classifier  to /ShopmeCommon/target/classes
2024-04-30 12:28:18,115 [Worker-4: Building] INFO  o.e.m.c.i.p.WorkspaceClassifierResolverManager - Resolving P/ShopmeCommon: com.shopme:ShopmeCommon:0.0.1-SNAPSHOT with classifier  to /ShopmeCommon/target/classes
2024-04-30 12:28:18,424 [Worker-4: Building] INFO  o.e.m.c.i.embedder.EclipseLogger - Using 'UTF-8' encoding to copy filtered resources.
2024-04-30 12:28:18,424 [Worker-4: Building] INFO  o.e.m.c.i.embedder.EclipseLogger - Using 'UTF-8' encoding to copy filtered properties files.
2024-04-30 12:28:18,427 [Worker-4: Building] INFO  o.e.m.c.i.embedder.EclipseLogger - Copying 1 resource
2024-04-30 12:28:18,474 [Worker-4: Building] INFO  o.e.m.c.i.embedder.EclipseLogger - Copying 127 resources
2024-04-30 12:28:18,512 [Worker-4: Building] INFO  o.e.m.c.i.embedder.EclipseLogger - The encoding used to copy filtered properties files have not been set. This means that the same encoding will be used to copy filtered properties files as when copying other filtered resources. This might not be what you want! Run your build with --debug to see which files might be affected. Read more at https://maven.apache.org/plugins/maven-resources-plugin/examples/filtering-properties-files.html
2024-04-30 12:28:18,519 [Worker-4: Building] INFO  o.e.m.c.i.embedder.EclipseLogger - Using 'UTF-8' encoding to copy filtered resources.
2024-04-30 12:28:18,520 [Worker-4: Building] INFO  o.e.m.c.i.embedder.EclipseLogger - Using 'UTF-8' encoding to copy filtered properties files.
2024-04-30 12:28:18,520 [Worker-4: Building] INFO  o.e.m.c.i.embedder.EclipseLogger - Copying 0 resource
2024-04-30 12:28:19,465 [Worker-4: Building] INFO  o.e.m.c.i.p.WorkspaceClassifierResolverManager - Resolving P/ShopmeCommon: com.shopme:ShopmeCommon:0.0.1-SNAPSHOT with classifier  to /ShopmeCommon/target/classes
2024-04-30 12:28:19,645 [Worker-4: Building] INFO  o.e.m.c.i.p.WorkspaceClassifierResolverManager - Resolving P/ShopmeCommon: com.shopme:ShopmeCommon:0.0.1-SNAPSHOT with classifier  to /ShopmeCommon/target/classes
2024-04-30 12:28:20,029 [Worker-4: Building] INFO  o.e.m.c.i.embedder.EclipseLogger - Using 'UTF-8' encoding to copy filtered resources.
2024-04-30 12:28:20,030 [Worker-4: Building] INFO  o.e.m.c.i.embedder.EclipseLogger - Using 'UTF-8' encoding to copy filtered properties files.
2024-04-30 12:28:20,032 [Worker-4: Building] INFO  o.e.m.c.i.embedder.EclipseLogger - Copying 1 resource
2024-04-30 12:28:20,064 [Worker-4: Building] INFO  o.e.m.c.i.embedder.EclipseLogger - Copying 76 resources
2024-04-30 12:28:20,098 [Worker-4: Building] INFO  o.e.m.c.i.embedder.EclipseLogger - Using 'UTF-8' encoding to copy filtered resources.
2024-04-30 12:28:20,098 [Worker-4: Building] INFO  o.e.m.c.i.embedder.EclipseLogger - Using 'UTF-8' encoding to copy filtered properties files.
2024-04-30 12:28:20,099 [Worker-4: Building] INFO  o.e.m.c.i.embedder.EclipseLogger - Copying 0 resource
2024-04-30 12:28:21,204 [Worker-4: Building] INFO  o.e.m.c.i.p.WorkspaceClassifierResolverManager - Resolving P/ShopmeCommon: com.shopme:ShopmeCommon:0.0.1-SNAPSHOT with classifier  to /ShopmeCommon/target/classes
2024-04-30 12:29:04,577 [Worker-9: Launching ShopmeBackEnd - ShopmeBackEndApplication] INFO  o.e.m.c.i.p.WorkspaceClassifierResolverManager - Resolving P/ShopmeCommon: com.shopme:ShopmeCommon:0.0.1-SNAPSHOT with classifier null to /ShopmeCommon/target/classes
2024-04-30 12:29:04,762 [Worker-9: Launching ShopmeBackEnd - ShopmeBackEndApplication] INFO  o.e.m.c.i.p.WorkspaceClassifierResolverManager - Resolving P/ShopmeCommon: com.shopme:ShopmeCommon:0.0.1-SNAPSHOT with classifier null to /ShopmeCommon/target/classes
2024-04-30 12:29:04,923 [Worker-9: Launching ShopmeBackEnd - ShopmeBackEndApplication] INFO  o.e.m.c.i.p.WorkspaceClassifierResolverManager - Resolving P/ShopmeCommon: com.shopme:ShopmeCommon:0.0.1-SNAPSHOT with classifier null to /ShopmeCommon/target/classes
2024-04-30 12:36:20,875 [Worker-7: Launching ShopmeFrontEnd - ShopmeFrontEndApplication] INFO  o.e.m.c.i.p.WorkspaceClassifierResolverManager - Resolving P/ShopmeCommon: com.shopme:ShopmeCommon:0.0.1-SNAPSHOT with classifier null to /ShopmeCommon/target/classes
2024-04-30 12:36:21,023 [Worker-7: Launching ShopmeFrontEnd - ShopmeFrontEndApplication] INFO  o.e.m.c.i.p.WorkspaceClassifierResolverManager - Resolving P/ShopmeCommon: com.shopme:ShopmeCommon:0.0.1-SNAPSHOT with classifier null to /ShopmeCommon/target/classes
2024-04-30 12:36:21,161 [Worker-7: Launching ShopmeFrontEnd - ShopmeFrontEndApplication] INFO  o.e.m.c.i.p.WorkspaceClassifierResolverManager - Resolving P/ShopmeCommon: com.shopme:ShopmeCommon:0.0.1-SNAPSHOT with classifier null to /ShopmeCommon/target/classes
2024-05-02 09:16:21,057 [Worker-4: Loading available Gradle versions] INFO  o.e.b.c.i.u.g.PublishedGradleVersions - Gradle version information cache is out-of-date. Trying to update.
2024-05-02 09:30:45,701 [Worker-27: Check for devtools] INFO  o.e.m.c.i.p.WorkspaceClassifierResolverManager - Resolving P/ShopmeCommon: com.shopme:ShopmeCommon:0.0.1-SNAPSHOT with classifier  to /ShopmeCommon/target/classes
2024-05-02 09:30:46,009 [Worker-27: Check for devtools] INFO  o.e.m.c.i.p.WorkspaceClassifierResolverManager - Resolving P/ShopmeCommon: com.shopme:ShopmeCommon:0.0.1-SNAPSHOT with classifier  to /ShopmeCommon/target/classes
2024-05-02 09:30:50,815 [Worker-27: Launching ShopmeBackEnd - ShopmeBackEndApplication] INFO  o.e.m.c.i.p.WorkspaceClassifierResolverManager - Resolving P/ShopmeCommon: com.shopme:ShopmeCommon:0.0.1-SNAPSHOT with classifier null to /ShopmeCommon/target/classes
2024-05-02 09:30:50,948 [Worker-27: Launching ShopmeBackEnd - ShopmeBackEndApplication] INFO  o.e.m.c.i.p.WorkspaceClassifierResolverManager - Resolving P/ShopmeCommon: com.shopme:ShopmeCommon:0.0.1-SNAPSHOT with classifier null to /ShopmeCommon/target/classes
2024-05-02 09:30:51,060 [Worker-27: Launching ShopmeBackEnd - ShopmeBackEndApplication] INFO  o.e.m.c.i.p.WorkspaceClassifierResolverManager - Resolving P/ShopmeCommon: com.shopme:ShopmeCommon:0.0.1-SNAPSHOT with classifier null to /ShopmeCommon/target/classes
2024-05-02 10:59:05,524 [Worker-52: Check for devtools] INFO  o.e.m.c.i.p.WorkspaceClassifierResolverManager - Resolving P/ShopmeCommon: com.shopme:ShopmeCommon:0.0.1-SNAPSHOT with classifier  to /ShopmeCommon/target/classes
2024-05-02 10:59:05,698 [Worker-52: Check for devtools] INFO  o.e.m.c.i.p.WorkspaceClassifierResolverManager - Resolving P/ShopmeCommon: com.shopme:ShopmeCommon:0.0.1-SNAPSHOT with classifier  to /ShopmeCommon/target/classes
2024-05-02 10:59:08,017 [Worker-46: Launching ShopmeFrontEnd - ShopmeFrontEndApplication] INFO  o.e.m.c.i.p.WorkspaceClassifierResolverManager - Resolving P/ShopmeCommon: com.shopme:ShopmeCommon:0.0.1-SNAPSHOT with classifier null to /ShopmeCommon/target/classes
2024-05-02 10:59:08,148 [Worker-46: Launching ShopmeFrontEnd - ShopmeFrontEndApplication] INFO  o.e.m.c.i.p.WorkspaceClassifierResolverManager - Resolving P/ShopmeCommon: com.shopme:ShopmeCommon:0.0.1-SNAPSHOT with classifier null to /ShopmeCommon/target/classes
2024-05-02 10:59:08,279 [Worker-46: Launching ShopmeFrontEnd - ShopmeFrontEndApplication] INFO  o.e.m.c.i.p.WorkspaceClassifierResolverManager - Resolving P/ShopmeCommon: com.shopme:ShopmeCommon:0.0.1-SNAPSHOT with classifier null to /ShopmeCommon/target/classes
2024-05-03 09:48:09,669 [Worker-7: Loading available Gradle versions] INFO  o.e.b.c.i.u.g.PublishedGradleVersions - Gradle version information cache is out-of-date. Trying to update.
2024-05-03 09:48:26,387 [Worker-11: Check for devtools] INFO  o.e.m.c.i.p.WorkspaceClassifierResolverManager - Resolving P/ShopmeCommon: com.shopme:ShopmeCommon:0.0.1-SNAPSHOT with classifier  to /ShopmeCommon/target/classes
2024-05-03 09:48:26,684 [Worker-11: Check for devtools] INFO  o.e.m.c.i.p.WorkspaceClassifierResolverManager - Resolving P/ShopmeCommon: com.shopme:ShopmeCommon:0.0.1-SNAPSHOT with classifier  to /ShopmeCommon/target/classes
2024-05-03 09:48:32,086 [Worker-7: Launching ShopmeBackEnd - ShopmeBackEndApplication] INFO  o.e.m.c.i.p.WorkspaceClassifierResolverManager - Resolving P/ShopmeCommon: com.shopme:ShopmeCommon:0.0.1-SNAPSHOT with classifier null to /ShopmeCommon/target/classes
2024-05-03 09:48:32,231 [Worker-7: Launching ShopmeBackEnd - ShopmeBackEndApplication] INFO  o.e.m.c.i.p.WorkspaceClassifierResolverManager - Resolving P/ShopmeCommon: com.shopme:ShopmeCommon:0.0.1-SNAPSHOT with classifier null to /ShopmeCommon/target/classes
2024-05-03 09:48:32,361 [Worker-7: Launching ShopmeBackEnd - ShopmeBackEndApplication] INFO  o.e.m.c.i.p.WorkspaceClassifierResolverManager - Resolving P/ShopmeCommon: com.shopme:ShopmeCommon:0.0.1-SNAPSHOT with classifier null to /ShopmeCommon/target/classes
2024-05-03 09:49:37,473 [Worker-1: Loading available Gradle versions] INFO  o.e.b.c.i.u.g.PublishedGradleVersions - Gradle version information cache is up-to-date. Trying to read.
2024-05-03 09:50:07,124 [Worker-14: Check for devtools] INFO  o.e.m.c.i.p.WorkspaceClassifierResolverManager - Resolving P/ShopmeCommon: com.shopme:ShopmeCommon:0.0.1-SNAPSHOT with classifier  to /ShopmeCommon/target/classes
2024-05-03 09:50:07,537 [Worker-14: Check for devtools] INFO  o.e.m.c.i.p.WorkspaceClassifierResolverManager - Resolving P/ShopmeCommon: com.shopme:ShopmeCommon:0.0.1-SNAPSHOT with classifier  to /ShopmeCommon/target/classes
2024-05-03 09:50:12,726 [Worker-16: Launching ShopmeBackEnd - ShopmeBackEndApplication] INFO  o.e.m.c.i.p.WorkspaceClassifierResolverManager - Resolving P/ShopmeCommon: com.shopme:ShopmeCommon:0.0.1-SNAPSHOT with classifier null to /ShopmeCommon/target/classes
2024-05-03 09:50:12,941 [Worker-16: Launching ShopmeBackEnd - ShopmeBackEndApplication] INFO  o.e.m.c.i.p.WorkspaceClassifierResolverManager - Resolving P/ShopmeCommon: com.shopme:ShopmeCommon:0.0.1-SNAPSHOT with classifier null to /ShopmeCommon/target/classes
2024-05-03 09:50:13,116 [Worker-16: Launching ShopmeBackEnd - ShopmeBackEndApplication] INFO  o.e.m.c.i.p.WorkspaceClassifierResolverManager - Resolving P/ShopmeCommon: com.shopme:ShopmeCommon:0.0.1-SNAPSHOT with classifier null to /ShopmeCommon/target/classes
2024-05-03 11:46:54,150 [Worker-27: Check for devtools] INFO  o.e.m.c.i.p.WorkspaceClassifierResolverManager - Resolving P/ShopmeCommon: com.shopme:ShopmeCommon:0.0.1-SNAPSHOT with classifier  to /ShopmeCommon/target/classes
2024-05-03 11:46:54,412 [Worker-27: Check for devtools] INFO  o.e.m.c.i.p.WorkspaceClassifierResolverManager - Resolving P/ShopmeCommon: com.shopme:ShopmeCommon:0.0.1-SNAPSHOT with classifier  to /ShopmeCommon/target/classes
2024-05-03 11:47:14,647 [Worker-32: Launching ShopmeFrontEnd - ShopmeFrontEndApplication] INFO  o.e.m.c.i.embedder.EclipseLogger - Using 'UTF-8' encoding to copy filtered resources.
2024-05-03 11:47:14,648 [Worker-32: Launching ShopmeFrontEnd - ShopmeFrontEndApplication] INFO  o.e.m.c.i.embedder.EclipseLogger - Using 'UTF-8' encoding to copy filtered properties files.
2024-05-03 11:47:14,721 [Worker-32: Launching ShopmeFrontEnd - ShopmeFrontEndApplication] INFO  o.e.m.c.i.embedder.EclipseLogger - Copying 1 resource
2024-05-03 11:47:14,782 [Worker-32: Launching ShopmeFrontEnd - ShopmeFrontEndApplication] INFO  o.e.m.c.i.embedder.EclipseLogger - Copying 76 resources
2024-05-03 11:47:16,240 [Worker-32: Launching ShopmeFrontEnd - ShopmeFrontEndApplication] INFO  o.e.m.c.i.embedder.EclipseLogger - Using 'UTF-8' encoding to copy filtered resources.
2024-05-03 11:47:16,240 [Worker-32: Launching ShopmeFrontEnd - ShopmeFrontEndApplication] INFO  o.e.m.c.i.embedder.EclipseLogger - Using 'UTF-8' encoding to copy filtered properties files.
2024-05-03 11:47:16,240 [Worker-32: Launching ShopmeFrontEnd - ShopmeFrontEndApplication] INFO  o.e.m.c.i.embedder.EclipseLogger - Copying 0 resource
2024-05-03 11:47:17,712 [Worker-32: Launching ShopmeFrontEnd - ShopmeFrontEndApplication] INFO  o.e.m.c.i.p.WorkspaceClassifierResolverManager - Resolving P/ShopmeCommon: com.shopme:ShopmeCommon:0.0.1-SNAPSHOT with classifier null to /ShopmeCommon/target/classes
2024-05-03 11:47:17,889 [Worker-32: Launching ShopmeFrontEnd - ShopmeFrontEndApplication] INFO  o.e.m.c.i.p.WorkspaceClassifierResolverManager - Resolving P/ShopmeCommon: com.shopme:ShopmeCommon:0.0.1-SNAPSHOT with classifier null to /ShopmeCommon/target/classes
2024-05-03 11:47:18,055 [Worker-32: Launching ShopmeFrontEnd - ShopmeFrontEndApplication] INFO  o.e.m.c.i.p.WorkspaceClassifierResolverManager - Resolving P/ShopmeCommon: com.shopme:ShopmeCommon:0.0.1-SNAPSHOT with classifier null to /ShopmeCommon/target/classes
2024-05-03 11:47:24,192 [Worker-32: Building] INFO  o.e.m.c.i.p.WorkspaceClassifierResolverManager - Resolving P/ShopmeCommon: com.shopme:ShopmeCommon:0.0.1-SNAPSHOT with classifier  to /ShopmeCommon/target/classes
2024-05-04 09:51:07,163 [Worker-4: Loading available Gradle versions] INFO  o.e.b.c.i.u.g.PublishedGradleVersions - Gradle version information cache is out-of-date. Trying to update.
2024-05-04 09:59:31,457 [Worker-15: Check for devtools] INFO  o.e.m.c.i.p.WorkspaceClassifierResolverManager - Resolving P/ShopmeCommon: com.shopme:ShopmeCommon:0.0.1-SNAPSHOT with classifier  to /ShopmeCommon/target/classes
2024-05-04 09:59:31,878 [Worker-15: Check for devtools] INFO  o.e.m.c.i.p.WorkspaceClassifierResolverManager - Resolving P/ShopmeCommon: com.shopme:ShopmeCommon:0.0.1-SNAPSHOT with classifier  to /ShopmeCommon/target/classes
2024-05-04 09:59:36,859 [Worker-31: Launching ShopmeBackEnd - ShopmeBackEndApplication] INFO  o.e.m.c.i.p.WorkspaceClassifierResolverManager - Resolving P/ShopmeCommon: com.shopme:ShopmeCommon:0.0.1-SNAPSHOT with classifier null to /ShopmeCommon/target/classes
2024-05-04 09:59:37,080 [Worker-31: Launching ShopmeBackEnd - ShopmeBackEndApplication] INFO  o.e.m.c.i.p.WorkspaceClassifierResolverManager - Resolving P/ShopmeCommon: com.shopme:ShopmeCommon:0.0.1-SNAPSHOT with classifier null to /ShopmeCommon/target/classes
2024-05-04 09:59:37,237 [Worker-31: Launching ShopmeBackEnd - ShopmeBackEndApplication] INFO  o.e.m.c.i.p.WorkspaceClassifierResolverManager - Resolving P/ShopmeCommon: com.shopme:ShopmeCommon:0.0.1-SNAPSHOT with classifier null to /ShopmeCommon/target/classes
2024-05-06 10:40:44,755 [Worker-2: Loading available Gradle versions] INFO  o.e.b.c.i.u.g.PublishedGradleVersions - Gradle version information cache is out-of-date. Trying to update.
2024-05-06 10:58:55,907 [Worker-31: Check for devtools] INFO  o.e.m.c.i.p.WorkspaceClassifierResolverManager - Resolving P/ShopmeCommon: com.shopme:ShopmeCommon:0.0.1-SNAPSHOT with classifier  to /ShopmeCommon/target/classes
2024-05-06 10:58:56,320 [Worker-31: Check for devtools] INFO  o.e.m.c.i.p.WorkspaceClassifierResolverManager - Resolving P/ShopmeCommon: com.shopme:ShopmeCommon:0.0.1-SNAPSHOT with classifier  to /ShopmeCommon/target/classes
2024-05-06 10:59:10,017 [Worker-42: Launching ShopmeBackEnd - ShopmeBackEndApplication] INFO  o.e.m.c.i.p.WorkspaceClassifierResolverManager - Resolving P/ShopmeCommon: com.shopme:ShopmeCommon:0.0.1-SNAPSHOT with classifier null to /ShopmeCommon/target/classes
2024-05-06 10:59:10,200 [Worker-42: Launching ShopmeBackEnd - ShopmeBackEndApplication] INFO  o.e.m.c.i.p.WorkspaceClassifierResolverManager - Resolving P/ShopmeCommon: com.shopme:ShopmeCommon:0.0.1-SNAPSHOT with classifier null to /ShopmeCommon/target/classes
2024-05-06 10:59:10,371 [Worker-42: Launching ShopmeBackEnd - ShopmeBackEndApplication] INFO  o.e.m.c.i.p.WorkspaceClassifierResolverManager - Resolving P/ShopmeCommon: com.shopme:ShopmeCommon:0.0.1-SNAPSHOT with classifier null to /ShopmeCommon/target/classes
2024-05-06 12:49:28,259 [Worker-41: Check for devtools] INFO  o.e.m.c.i.p.WorkspaceClassifierResolverManager - Resolving P/ShopmeCommon: com.shopme:ShopmeCommon:0.0.1-SNAPSHOT with classifier  to /ShopmeCommon/target/classes
2024-05-06 12:49:28,392 [Worker-41: Check for devtools] INFO  o.e.m.c.i.p.WorkspaceClassifierResolverManager - Resolving P/ShopmeCommon: com.shopme:ShopmeCommon:0.0.1-SNAPSHOT with classifier  to /ShopmeCommon/target/classes
2024-05-06 12:49:35,241 [Worker-45: Launching ShopmeFrontEnd - ShopmeFrontEndApplication] INFO  o.e.m.c.i.embedder.EclipseLogger - Using 'UTF-8' encoding to copy filtered resources.
2024-05-06 12:49:35,241 [Worker-45: Launching ShopmeFrontEnd - ShopmeFrontEndApplication] INFO  o.e.m.c.i.embedder.EclipseLogger - Using 'UTF-8' encoding to copy filtered properties files.
2024-05-06 12:49:35,259 [Worker-45: Launching ShopmeFrontEnd - ShopmeFrontEndApplication] INFO  o.e.m.c.i.embedder.EclipseLogger - Copying 1 resource
2024-05-06 12:49:35,343 [Worker-45: Launching ShopmeFrontEnd - ShopmeFrontEndApplication] INFO  o.e.m.c.i.embedder.EclipseLogger - Copying 76 resources
2024-05-06 12:49:36,568 [Worker-45: Launching ShopmeFrontEnd - ShopmeFrontEndApplication] INFO  o.e.m.c.i.embedder.EclipseLogger - Using 'UTF-8' encoding to copy filtered resources.
2024-05-06 12:49:36,568 [Worker-45: Launching ShopmeFrontEnd - ShopmeFrontEndApplication] INFO  o.e.m.c.i.embedder.EclipseLogger - Using 'UTF-8' encoding to copy filtered properties files.
2024-05-06 12:49:36,568 [Worker-45: Launching ShopmeFrontEnd - ShopmeFrontEndApplication] INFO  o.e.m.c.i.embedder.EclipseLogger - Copying 0 resource
2024-05-06 12:49:37,486 [Worker-45: Launching ShopmeFrontEnd - ShopmeFrontEndApplication] INFO  o.e.m.c.i.p.WorkspaceClassifierResolverManager - Resolving P/ShopmeCommon: com.shopme:ShopmeCommon:0.0.1-SNAPSHOT with classifier null to /ShopmeCommon/target/classes
2024-05-06 12:49:37,604 [Worker-45: Launching ShopmeFrontEnd - ShopmeFrontEndApplication] INFO  o.e.m.c.i.p.WorkspaceClassifierResolverManager - Resolving P/ShopmeCommon: com.shopme:ShopmeCommon:0.0.1-SNAPSHOT with classifier null to /ShopmeCommon/target/classes
2024-05-06 12:49:37,733 [Worker-45: Launching ShopmeFrontEnd - ShopmeFrontEndApplication] INFO  o.e.m.c.i.p.WorkspaceClassifierResolverManager - Resolving P/ShopmeCommon: com.shopme:ShopmeCommon:0.0.1-SNAPSHOT with classifier null to /ShopmeCommon/target/classes
2024-05-06 12:49:42,357 [Worker-46: Building] INFO  o.e.m.c.i.p.WorkspaceClassifierResolverManager - Resolving P/ShopmeCommon: com.shopme:ShopmeCommon:0.0.1-SNAPSHOT with classifier  to /ShopmeCommon/target/classes
2024-05-06 21:03:39,328 [Worker-2: Loading available Gradle versions] INFO  o.e.b.c.i.u.g.PublishedGradleVersions - Gradle version information cache is up-to-date. Trying to read.
2024-05-06 21:03:50,845 [Worker-11: Check for devtools] INFO  o.e.m.c.i.p.WorkspaceClassifierResolverManager - Resolving P/ShopmeCommon: com.shopme:ShopmeCommon:0.0.1-SNAPSHOT with classifier  to /ShopmeCommon/target/classes
2024-05-06 21:03:51,600 [Worker-11: Check for devtools] INFO  o.e.m.c.i.p.WorkspaceClassifierResolverManager - Resolving P/ShopmeCommon: com.shopme:ShopmeCommon:0.0.1-SNAPSHOT with classifier  to /ShopmeCommon/target/classes
2024-05-06 21:03:57,775 [Worker-7: Launching ShopmeBackEnd - ShopmeBackEndApplication] INFO  o.e.m.c.i.p.WorkspaceClassifierResolverManager - Resolving P/ShopmeCommon: com.shopme:ShopmeCommon:0.0.1-SNAPSHOT with classifier null to /ShopmeCommon/target/classes
2024-05-06 21:03:57,994 [Worker-7: Launching ShopmeBackEnd - ShopmeBackEndApplication] INFO  o.e.m.c.i.p.WorkspaceClassifierResolverManager - Resolving P/ShopmeCommon: com.shopme:ShopmeCommon:0.0.1-SNAPSHOT with classifier null to /ShopmeCommon/target/classes
2024-05-06 21:03:58,241 [Worker-7: Launching ShopmeBackEnd - ShopmeBackEndApplication] INFO  o.e.m.c.i.p.WorkspaceClassifierResolverManager - Resolving P/ShopmeCommon: com.shopme:ShopmeCommon:0.0.1-SNAPSHOT with classifier null to /ShopmeCommon/target/classes
2024-05-06 21:42:52,264 [Worker-7: Loading available Gradle versions] INFO  o.e.b.c.i.u.g.PublishedGradleVersions - Gradle version information cache is up-to-date. Trying to read.
2024-05-06 21:42:59,028 [Worker-10: Building] INFO  o.e.m.c.i.p.WorkspaceClassifierResolverManager - Resolving P/ShopmeCommon: com.shopme:ShopmeCommon:0.0.1-SNAPSHOT with classifier  to /ShopmeCommon/target/classes
2024-05-06 21:42:59,305 [Worker-10: Building] INFO  o.e.m.c.i.p.WorkspaceClassifierResolverManager - Resolving P/ShopmeCommon: com.shopme:ShopmeCommon:0.0.1-SNAPSHOT with classifier  to /ShopmeCommon/target/classes
2024-05-06 21:43:07,564 [Worker-10: Building] INFO  o.e.m.c.i.p.WorkspaceClassifierResolverManager - Resolving P/ShopmeCommon: com.shopme:ShopmeCommon:0.0.1-SNAPSHOT with classifier  to /ShopmeCommon/target/classes
2024-05-06 21:43:07,711 [Worker-10: Building] INFO  o.e.m.c.i.p.WorkspaceClassifierResolverManager - Resolving P/ShopmeCommon: com.shopme:ShopmeCommon:0.0.1-SNAPSHOT with classifier  to /ShopmeCommon/target/classes
2024-05-06 21:43:08,265 [Worker-10: Building] INFO  o.e.m.c.i.embedder.EclipseLogger - Using 'UTF-8' encoding to copy filtered resources.
2024-05-06 21:43:08,265 [Worker-10: Building] INFO  o.e.m.c.i.embedder.EclipseLogger - Using 'UTF-8' encoding to copy filtered properties files.
2024-05-06 21:43:08,269 [Worker-10: Building] INFO  o.e.m.c.i.embedder.EclipseLogger - Copying 1 resource
2024-05-06 21:43:08,288 [Worker-10: Building] INFO  o.e.m.c.i.embedder.EclipseLogger - Copying 76 resources
2024-05-06 21:43:09,380 [Worker-10: Building] INFO  o.e.m.c.i.embedder.EclipseLogger - Using 'UTF-8' encoding to copy filtered resources.
2024-05-06 21:43:09,381 [Worker-10: Building] INFO  o.e.m.c.i.embedder.EclipseLogger - Using 'UTF-8' encoding to copy filtered properties files.
2024-05-06 21:43:09,381 [Worker-10: Building] INFO  o.e.m.c.i.embedder.EclipseLogger - Copying 0 resource
2024-05-06 21:43:13,906 [Worker-10: Building] INFO  o.e.m.c.i.p.WorkspaceClassifierResolverManager - Resolving P/ShopmeCommon: com.shopme:ShopmeCommon:0.0.1-SNAPSHOT with classifier  to /ShopmeCommon/target/classes
2024-05-06 21:43:16,962 [Worker-7: Launching ShopmeBackEnd - ShopmeBackEndApplication] INFO  o.e.m.c.i.p.WorkspaceClassifierResolverManager - Resolving P/ShopmeCommon: com.shopme:ShopmeCommon:0.0.1-SNAPSHOT with classifier null to /ShopmeCommon/target/classes
2024-05-06 21:43:17,090 [Worker-7: Launching ShopmeBackEnd - ShopmeBackEndApplication] INFO  o.e.m.c.i.p.WorkspaceClassifierResolverManager - Resolving P/ShopmeCommon: com.shopme:ShopmeCommon:0.0.1-SNAPSHOT with classifier null to /ShopmeCommon/target/classes
2024-05-06 21:43:17,212 [Worker-7: Launching ShopmeBackEnd - ShopmeBackEndApplication] INFO  o.e.m.c.i.p.WorkspaceClassifierResolverManager - Resolving P/ShopmeCommon: com.shopme:ShopmeCommon:0.0.1-SNAPSHOT with classifier null to /ShopmeCommon/target/classes
2024-05-06 21:48:36,102 [Worker-1: Launching ShopmeFrontEnd - ShopmeFrontEndApplication] INFO  o.e.m.c.i.p.WorkspaceClassifierResolverManager - Resolving P/ShopmeCommon: com.shopme:ShopmeCommon:0.0.1-SNAPSHOT with classifier null to /ShopmeCommon/target/classes
2024-05-06 21:48:36,215 [Worker-1: Launching ShopmeFrontEnd - ShopmeFrontEndApplication] INFO  o.e.m.c.i.p.WorkspaceClassifierResolverManager - Resolving P/ShopmeCommon: com.shopme:ShopmeCommon:0.0.1-SNAPSHOT with classifier null to /ShopmeCommon/target/classes
2024-05-06 21:48:36,312 [Worker-1: Launching ShopmeFrontEnd - ShopmeFrontEndApplication] INFO  o.e.m.c.i.p.WorkspaceClassifierResolverManager - Resolving P/ShopmeCommon: com.shopme:ShopmeCommon:0.0.1-SNAPSHOT with classifier null to /ShopmeCommon/target/classes
2024-05-07 10:45:32,392 [Worker-1: Loading available Gradle versions] INFO  o.e.b.c.i.u.g.PublishedGradleVersions - Gradle version information cache is out-of-date. Trying to update.
2024-05-07 10:46:39,905 [Worker-4: Check for devtools] INFO  o.e.m.c.i.p.WorkspaceClassifierResolverManager - Resolving P/ShopmeCommon: com.shopme:ShopmeCommon:0.0.1-SNAPSHOT with classifier  to /ShopmeCommon/target/classes
2024-05-07 10:46:40,157 [Worker-4: Check for devtools] INFO  o.e.m.c.i.p.WorkspaceClassifierResolverManager - Resolving P/ShopmeCommon: com.shopme:ShopmeCommon:0.0.1-SNAPSHOT with classifier  to /ShopmeCommon/target/classes
2024-05-07 10:46:46,262 [Worker-5: Launching ShopmeBackEnd - ShopmeBackEndApplication] INFO  o.e.m.c.i.p.WorkspaceClassifierResolverManager - Resolving P/ShopmeCommon: com.shopme:ShopmeCommon:0.0.1-SNAPSHOT with classifier null to /ShopmeCommon/target/classes
2024-05-07 10:46:46,401 [Worker-5: Launching ShopmeBackEnd - ShopmeBackEndApplication] INFO  o.e.m.c.i.p.WorkspaceClassifierResolverManager - Resolving P/ShopmeCommon: com.shopme:ShopmeCommon:0.0.1-SNAPSHOT with classifier null to /ShopmeCommon/target/classes
2024-05-07 10:46:46,570 [Worker-5: Launching ShopmeBackEnd - ShopmeBackEndApplication] INFO  o.e.m.c.i.p.WorkspaceClassifierResolverManager - Resolving P/ShopmeCommon: com.shopme:ShopmeCommon:0.0.1-SNAPSHOT with classifier null to /ShopmeCommon/target/classes
2024-05-07 16:16:52,567 [Worker-19: Check for devtools] INFO  o.e.m.c.i.p.WorkspaceClassifierResolverManager - Resolving P/ShopmeCommon: com.shopme:ShopmeCommon:0.0.1-SNAPSHOT with classifier  to /ShopmeCommon/target/classes
2024-05-07 16:16:52,732 [Worker-19: Check for devtools] INFO  o.e.m.c.i.p.WorkspaceClassifierResolverManager - Resolving P/ShopmeCommon: com.shopme:ShopmeCommon:0.0.1-SNAPSHOT with classifier  to /ShopmeCommon/target/classes
2024-05-07 16:16:57,057 [Worker-25: Launching ShopmeFrontEnd - ShopmeFrontEndApplication] INFO  o.e.m.c.i.p.WorkspaceClassifierResolverManager - Resolving P/ShopmeCommon: com.shopme:ShopmeCommon:0.0.1-SNAPSHOT with classifier null to /ShopmeCommon/target/classes
2024-05-07 16:16:57,222 [Worker-25: Launching ShopmeFrontEnd - ShopmeFrontEndApplication] INFO  o.e.m.c.i.p.WorkspaceClassifierResolverManager - Resolving P/ShopmeCommon: com.shopme:ShopmeCommon:0.0.1-SNAPSHOT with classifier null to /ShopmeCommon/target/classes
2024-05-07 16:16:57,425 [Worker-25: Launching ShopmeFrontEnd - ShopmeFrontEndApplication] INFO  o.e.m.c.i.p.WorkspaceClassifierResolverManager - Resolving P/ShopmeCommon: com.shopme:ShopmeCommon:0.0.1-SNAPSHOT with classifier null to /ShopmeCommon/target/classes
2024-05-08 10:08:37,173 [Worker-4: Loading available Gradle versions] INFO  o.e.b.c.i.u.g.PublishedGradleVersions - Gradle version information cache is up-to-date. Trying to read.
2024-05-08 10:08:58,704 [Worker-13: Check for devtools] INFO  o.e.m.c.i.p.WorkspaceClassifierResolverManager - Resolving P/ShopmeCommon: com.shopme:ShopmeCommon:0.0.1-SNAPSHOT with classifier  to /ShopmeCommon/target/classes
2024-05-08 10:08:59,055 [Worker-13: Check for devtools] INFO  o.e.m.c.i.p.WorkspaceClassifierResolverManager - Resolving P/ShopmeCommon: com.shopme:ShopmeCommon:0.0.1-SNAPSHOT with classifier  to /ShopmeCommon/target/classes
2024-05-08 10:09:18,604 [Worker-5: Launching ShopmeBackEnd - ShopmeBackEndApplication] INFO  o.e.m.c.i.p.WorkspaceClassifierResolverManager - Resolving P/ShopmeCommon: com.shopme:ShopmeCommon:0.0.1-SNAPSHOT with classifier null to /ShopmeCommon/target/classes
2024-05-08 10:09:18,751 [Worker-5: Launching ShopmeBackEnd - ShopmeBackEndApplication] INFO  o.e.m.c.i.p.WorkspaceClassifierResolverManager - Resolving P/ShopmeCommon: com.shopme:ShopmeCommon:0.0.1-SNAPSHOT with classifier null to /ShopmeCommon/target/classes
2024-05-08 10:09:18,913 [Worker-5: Launching ShopmeBackEnd - ShopmeBackEndApplication] INFO  o.e.m.c.i.p.WorkspaceClassifierResolverManager - Resolving P/ShopmeCommon: com.shopme:ShopmeCommon:0.0.1-SNAPSHOT with classifier null to /ShopmeCommon/target/classes
2024-05-08 10:14:30,439 [Worker-6: Check for devtools] INFO  o.e.m.c.i.p.WorkspaceClassifierResolverManager - Resolving P/ShopmeCommon: com.shopme:ShopmeCommon:0.0.1-SNAPSHOT with classifier  to /ShopmeCommon/target/classes
2024-05-08 10:14:30,579 [Worker-6: Check for devtools] INFO  o.e.m.c.i.p.WorkspaceClassifierResolverManager - Resolving P/ShopmeCommon: com.shopme:ShopmeCommon:0.0.1-SNAPSHOT with classifier  to /ShopmeCommon/target/classes
2024-05-08 10:14:34,209 [Worker-7: Launching ShopmeFrontEnd - ShopmeFrontEndApplication] INFO  o.e.m.c.i.p.WorkspaceClassifierResolverManager - Resolving P/ShopmeCommon: com.shopme:ShopmeCommon:0.0.1-SNAPSHOT with classifier null to /ShopmeCommon/target/classes
2024-05-08 10:14:34,317 [Worker-7: Launching ShopmeFrontEnd - ShopmeFrontEndApplication] INFO  o.e.m.c.i.p.WorkspaceClassifierResolverManager - Resolving P/ShopmeCommon: com.shopme:ShopmeCommon:0.0.1-SNAPSHOT with classifier null to /ShopmeCommon/target/classes
2024-05-08 10:14:34,417 [Worker-7: Launching ShopmeFrontEnd - ShopmeFrontEndApplication] INFO  o.e.m.c.i.p.WorkspaceClassifierResolverManager - Resolving P/ShopmeCommon: com.shopme:ShopmeCommon:0.0.1-SNAPSHOT with classifier null to /ShopmeCommon/target/classes
2024-05-08 10:50:56,571 [Worker-19: Building] INFO  o.e.m.c.i.embedder.EclipseLogger - Using 'UTF-8' encoding to copy filtered resources.
2024-05-08 10:50:56,683 [Worker-19: Building] INFO  o.e.m.c.i.embedder.EclipseLogger - Using 'UTF-8' encoding to copy filtered properties files.
2024-05-08 10:50:56,696 [Worker-19: Building] INFO  o.e.m.c.i.embedder.EclipseLogger - Copying 1 resource
2024-05-08 10:50:56,890 [Worker-19: Building] INFO  o.e.m.c.i.embedder.EclipseLogger - Copying 0 resource
2024-05-08 10:50:56,890 [Worker-19: Building] INFO  o.e.m.c.i.embedder.EclipseLogger - The encoding used to copy filtered properties files have not been set. This means that the same encoding will be used to copy filtered properties files as when copying other filtered resources. This might not be what you want! Run your build with --debug to see which files might be affected. Read more at https://maven.apache.org/plugins/maven-resources-plugin/examples/filtering-properties-files.html
2024-05-08 10:50:56,989 [Worker-19: Building] INFO  o.e.m.c.i.embedder.EclipseLogger - Using 'UTF-8' encoding to copy filtered resources.
2024-05-08 10:50:56,989 [Worker-19: Building] INFO  o.e.m.c.i.embedder.EclipseLogger - Using 'UTF-8' encoding to copy filtered properties files.
2024-05-08 10:50:56,990 [Worker-19: Building] INFO  o.e.m.c.i.embedder.EclipseLogger - Copying 0 resource
2024-05-08 10:52:01,299 [Worker-5: Loading available Gradle versions] INFO  o.e.b.c.i.u.g.PublishedGradleVersions - Gradle version information cache is out-of-date. Trying to update.
2024-05-08 10:52:35,381 [Worker-29: Check for devtools] INFO  o.e.m.c.i.p.WorkspaceClassifierResolverManager - Resolving P/ShopmeCommon: com.shopme:ShopmeCommon:0.0.1-SNAPSHOT with classifier  to /ShopmeCommon/target/classes
2024-05-08 10:52:35,719 [Worker-29: Check for devtools] INFO  o.e.m.c.i.p.WorkspaceClassifierResolverManager - Resolving P/ShopmeCommon: com.shopme:ShopmeCommon:0.0.1-SNAPSHOT with classifier  to /ShopmeCommon/target/classes
2024-05-08 10:52:42,278 [Worker-9: Launching ShopmeBackEnd - ShopmeBackEndApplication] INFO  o.e.m.c.i.embedder.EclipseLogger - Using 'UTF-8' encoding to copy filtered resources.
2024-05-08 10:52:42,279 [Worker-9: Launching ShopmeBackEnd - ShopmeBackEndApplication] INFO  o.e.m.c.i.embedder.EclipseLogger - Using 'UTF-8' encoding to copy filtered properties files.
2024-05-08 10:52:42,283 [Worker-9: Launching ShopmeBackEnd - ShopmeBackEndApplication] INFO  o.e.m.c.i.embedder.EclipseLogger - Copying 1 resource
2024-05-08 10:52:42,298 [Worker-9: Launching ShopmeBackEnd - ShopmeBackEndApplication] INFO  o.e.m.c.i.embedder.EclipseLogger - Copying 0 resource
2024-05-08 10:52:42,298 [Worker-9: Launching ShopmeBackEnd - ShopmeBackEndApplication] INFO  o.e.m.c.i.embedder.EclipseLogger - The encoding used to copy filtered properties files have not been set. This means that the same encoding will be used to copy filtered properties files as when copying other filtered resources. This might not be what you want! Run your build with --debug to see which files might be affected. Read more at https://maven.apache.org/plugins/maven-resources-plugin/examples/filtering-properties-files.html
2024-05-08 10:52:42,303 [Worker-9: Launching ShopmeBackEnd - ShopmeBackEndApplication] INFO  o.e.m.c.i.embedder.EclipseLogger - Using 'UTF-8' encoding to copy filtered resources.
2024-05-08 10:52:42,303 [Worker-9: Launching ShopmeBackEnd - ShopmeBackEndApplication] INFO  o.e.m.c.i.embedder.EclipseLogger - Using 'UTF-8' encoding to copy filtered properties files.
2024-05-08 10:52:42,303 [Worker-9: Launching ShopmeBackEnd - ShopmeBackEndApplication] INFO  o.e.m.c.i.embedder.EclipseLogger - Copying 0 resource
2024-05-08 10:52:44,862 [Worker-9: Launching ShopmeBackEnd - ShopmeBackEndApplication] INFO  o.e.m.c.i.p.WorkspaceClassifierResolverManager - Resolving P/ShopmeCommon: com.shopme:ShopmeCommon:0.0.1-SNAPSHOT with classifier null to /ShopmeCommon/target/classes
2024-05-08 10:52:45,151 [Worker-9: Launching ShopmeBackEnd - ShopmeBackEndApplication] INFO  o.e.m.c.i.p.WorkspaceClassifierResolverManager - Resolving P/ShopmeCommon: com.shopme:ShopmeCommon:0.0.1-SNAPSHOT with classifier null to /ShopmeCommon/target/classes
2024-05-08 10:52:45,361 [Worker-9: Launching ShopmeBackEnd - ShopmeBackEndApplication] INFO  o.e.m.c.i.p.WorkspaceClassifierResolverManager - Resolving P/ShopmeCommon: com.shopme:ShopmeCommon:0.0.1-SNAPSHOT with classifier null to /ShopmeCommon/target/classes
2024-05-08 10:52:47,976 [Worker-7: Building] INFO  o.e.m.c.i.p.WorkspaceClassifierResolverManager - Resolving P/ShopmeCommon: com.shopme:ShopmeCommon:0.0.1-SNAPSHOT with classifier  to /ShopmeCommon/target/classes
2024-05-08 11:19:02,744 [Worker-36: Launching AmazonS3UtilTests.testListFolder] INFO  o.e.m.c.i.p.WorkspaceClassifierResolverManager - Resolving P/ShopmeCommon: com.shopme:ShopmeCommon:0.0.1-SNAPSHOT with classifier null to /ShopmeCommon/target/classes
2024-05-08 11:19:03,137 [Worker-36: Launching AmazonS3UtilTests.testListFolder] INFO  o.e.m.c.i.p.WorkspaceClassifierResolverManager - Resolving P/ShopmeCommon: com.shopme:ShopmeCommon:0.0.1-SNAPSHOT with classifier null to /ShopmeCommon/target/classes
2024-05-08 11:19:03,386 [Worker-36: Launching AmazonS3UtilTests.testListFolder] INFO  o.e.m.c.i.p.WorkspaceClassifierResolverManager - Resolving P/ShopmeCommon: com.shopme:ShopmeCommon:0.0.1-SNAPSHOT with classifier null to /ShopmeCommon/target/classes
2024-05-08 11:26:54,627 [Worker-36: Launching ShopmeBackEnd - ShopmeBackEndApplication] INFO  o.e.m.c.i.p.WorkspaceClassifierResolverManager - Resolving P/ShopmeCommon: com.shopme:ShopmeCommon:0.0.1-SNAPSHOT with classifier null to /ShopmeCommon/target/classes
2024-05-08 11:26:54,845 [Worker-36: Launching ShopmeBackEnd - ShopmeBackEndApplication] INFO  o.e.m.c.i.p.WorkspaceClassifierResolverManager - Resolving P/ShopmeCommon: com.shopme:ShopmeCommon:0.0.1-SNAPSHOT with classifier null to /ShopmeCommon/target/classes
2024-05-08 11:26:55,047 [Worker-36: Launching ShopmeBackEnd - ShopmeBackEndApplication] INFO  o.e.m.c.i.p.WorkspaceClassifierResolverManager - Resolving P/ShopmeCommon: com.shopme:ShopmeCommon:0.0.1-SNAPSHOT with classifier null to /ShopmeCommon/target/classes
2024-05-08 11:27:23,079 [Worker-36: Launching ShopmeBackEnd - ShopmeBackEndApplication] INFO  o.e.m.c.i.p.WorkspaceClassifierResolverManager - Resolving P/ShopmeCommon: com.shopme:ShopmeCommon:0.0.1-SNAPSHOT with classifier null to /ShopmeCommon/target/classes
2024-05-08 11:27:23,410 [Worker-36: Launching ShopmeBackEnd - ShopmeBackEndApplication] INFO  o.e.m.c.i.p.WorkspaceClassifierResolverManager - Resolving P/ShopmeCommon: com.shopme:ShopmeCommon:0.0.1-SNAPSHOT with classifier null to /ShopmeCommon/target/classes
2024-05-08 11:27:23,612 [Worker-36: Launching ShopmeBackEnd - ShopmeBackEndApplication] INFO  o.e.m.c.i.p.WorkspaceClassifierResolverManager - Resolving P/ShopmeCommon: com.shopme:ShopmeCommon:0.0.1-SNAPSHOT with classifier null to /ShopmeCommon/target/classes
